0 info it worked if it ends with ok
1 verbose cli [ '/usr/bin/node',
1 verbose cli   '/usr/bin/npm',
1 verbose cli   'install',
1 verbose cli   '-g',
1 verbose cli   'express-generator@3' ]
2 info using npm@1.4.14
3 info using node@v0.10.29
4 verbose node symlink /usr/bin/node
5 verbose cache add [ 'express-generator@3', null ]
6 verbose cache add name=undefined spec="express-generator@3" args=["express-generator@3",null]
7 verbose parsed url { protocol: null,
7 verbose parsed url   slashes: null,
7 verbose parsed url   auth: null,
7 verbose parsed url   host: null,
7 verbose parsed url   port: null,
7 verbose parsed url   hostname: null,
7 verbose parsed url   hash: null,
7 verbose parsed url   search: null,
7 verbose parsed url   query: null,
7 verbose parsed url   pathname: 'express-generator@3',
7 verbose parsed url   path: 'express-generator@3',
7 verbose parsed url   href: 'express-generator@3' }
8 verbose cache add name="express-generator" spec="3" args=["express-generator","3"]
9 verbose parsed url { protocol: null,
9 verbose parsed url   slashes: null,
9 verbose parsed url   auth: null,
9 verbose parsed url   host: null,
9 verbose parsed url   port: null,
9 verbose parsed url   hostname: null,
9 verbose parsed url   hash: null,
9 verbose parsed url   search: null,
9 verbose parsed url   query: null,
9 verbose parsed url   pathname: '3',
9 verbose parsed url   path: '3',
9 verbose parsed url   href: '3' }
10 verbose addNamed [ 'express-generator', '3' ]
11 verbose addNamed [ null, '>=3.0.0-0 <4.0.0-0' ]
12 silly lockFile 3889ff0b-express-generator-3 express-generator@3
13 verbose lock express-generator@3 /home/ania/.npm/3889ff0b-express-generator-3.lock
14 silly addNameRange { name: 'express-generator',
14 silly addNameRange   range: '>=3.0.0-0 <4.0.0-0',
14 silly addNameRange   hasData: false }
15 verbose url raw express-generator
16 verbose url resolving [ 'https://registry.npmjs.org/', './express-generator' ]
17 verbose url resolved https://registry.npmjs.org/express-generator
18 info trying registry request attempt 1 at 06:54:43
19 http GET https://registry.npmjs.org/express-generator
20 http 200 https://registry.npmjs.org/express-generator
21 silly registry.get cb [ 200,
21 silly registry.get   { date: 'Mon, 07 Jul 2014 04:54:44 GMT',
21 silly registry.get     server: 'CouchDB/1.5.0 (Erlang OTP/R16B03)',
21 silly registry.get     etag: '"9TA4R36FDXAR9MU1XVVL02E31"',
21 silly registry.get     'content-type': 'application/json',
21 silly registry.get     'cache-control': 'max-age=30',
21 silly registry.get     'content-length': '8824',
21 silly registry.get     'accept-ranges': 'bytes',
21 silly registry.get     via: '1.1 varnish',
21 silly registry.get     age: '0',
21 silly registry.get     'x-served-by': 'cache-fra1223-FRA',
21 silly registry.get     'x-cache': 'MISS',
21 silly registry.get     'x-cache-hits': '0',
21 silly registry.get     'x-timer': 'S1404708883.964867,VS0,VE173',
21 silly registry.get     vary: 'Accept',
21 silly registry.get     'keep-alive': 'timeout=10, max=50',
21 silly registry.get     connection: 'Keep-Alive' } ]
22 silly addNameRange number 2 { name: 'express-generator',
22 silly addNameRange   range: '>=3.0.0-0 <4.0.0-0',
22 silly addNameRange   hasData: true }
23 silly addNameRange versions [ 'express-generator', [ '1.0.0', '3.0.0', '4.0.0', '4.2.0' ] ]
24 verbose addNamed [ 'express-generator', '3.0.0' ]
25 verbose addNamed [ '3.0.0', '3.0.0' ]
26 silly lockFile 87fea477-express-generator-3-0-0 express-generator@3.0.0
27 verbose lock express-generator@3.0.0 /home/ania/.npm/87fea477-express-generator-3-0-0.lock
28 silly lockFile 89e0cc8e-ator-express-generator-3-0-0-tgz https://registry.npmjs.org/express-generator/-/express-generator-3.0.0.tgz
29 verbose lock https://registry.npmjs.org/express-generator/-/express-generator-3.0.0.tgz /home/ania/.npm/89e0cc8e-ator-express-generator-3-0-0-tgz.lock
30 verbose addRemoteTarball [ 'https://registry.npmjs.org/express-generator/-/express-generator-3.0.0.tgz',
30 verbose addRemoteTarball   'af5477afca63318a210aa3e832d194c6f2f5cfec' ]
31 info retry fetch attempt 1 at 06:54:44
32 verbose fetch to= /home/ania/tmp/npm-17866-empgu_1-/registry.npmjs.org/express-generator/-/express-generator-3.0.0.tgz
33 http GET https://registry.npmjs.org/express-generator/-/express-generator-3.0.0.tgz
34 http 200 https://registry.npmjs.org/express-generator/-/express-generator-3.0.0.tgz
35 silly lockFile 89e0cc8e-ator-express-generator-3-0-0-tgz https://registry.npmjs.org/express-generator/-/express-generator-3.0.0.tgz
36 silly lockFile 89e0cc8e-ator-express-generator-3-0-0-tgz https://registry.npmjs.org/express-generator/-/express-generator-3.0.0.tgz
37 silly lockFile 87fea477-express-generator-3-0-0 express-generator@3.0.0
38 silly lockFile 87fea477-express-generator-3-0-0 express-generator@3.0.0
39 silly lockFile 3889ff0b-express-generator-3 express-generator@3
40 silly lockFile 3889ff0b-express-generator-3 express-generator@3
41 silly resolved [ { name: 'express-generator',
41 silly resolved     description: 'Express\' application generator',
41 silly resolved     version: '3.0.0',
41 silly resolved     author: { name: 'TJ Holowaychuk', email: 'tj@vision-media.ca' },
41 silly resolved     contributors: [ [Object], [Object], [Object], [Object] ],
41 silly resolved     dependencies: { commander: '1.3.2', mkdirp: '0.3.5' },
41 silly resolved     keywords:
41 silly resolved      [ 'express',
41 silly resolved        'framework',
41 silly resolved        'sinatra',
41 silly resolved        'web',
41 silly resolved        'rest',
41 silly resolved        'restful',
41 silly resolved        'router',
41 silly resolved        'app',
41 silly resolved        'api' ],
41 silly resolved     repository: { type: 'git', url: 'git://github.com/expressjs/generator' },
41 silly resolved     main: 'bin/express',
41 silly resolved     bin: { express: './bin/express' },
41 silly resolved     engines: { node: '>= 0.8.0' },
41 silly resolved     bugs: { url: 'https://github.com/expressjs/generator/issues' },
41 silly resolved     homepage: 'https://github.com/expressjs/generator',
41 silly resolved     _id: 'express-generator@3.0.0',
41 silly resolved     dist:
41 silly resolved      { shasum: 'af5477afca63318a210aa3e832d194c6f2f5cfec',
41 silly resolved        tarball: 'http://registry.npmjs.org/express-generator/-/express-generator-3.0.0.tgz' },
41 silly resolved     _from: 'express-generator@3',
41 silly resolved     _npmVersion: '1.4.4',
41 silly resolved     _npmUser: { name: 'shtylman', email: 'shtylman@gmail.com' },
41 silly resolved     maintainers: [ [Object], [Object], [Object], [Object] ],
41 silly resolved     directories: {},
41 silly resolved     _shasum: 'af5477afca63318a210aa3e832d194c6f2f5cfec',
41 silly resolved     _resolved: 'https://registry.npmjs.org/express-generator/-/express-generator-3.0.0.tgz' } ]
42 info install express-generator@3.0.0 into /usr/lib
43 info installOne express-generator@3.0.0
44 info /usr/lib/node_modules/express-generator unbuild
45 verbose tar unpack /home/ania/.npm/express-generator/3.0.0/package.tgz
46 silly lockFile 73f1f6cd-b-node-modules-express-generator tar:///usr/lib/node_modules/express-generator
47 verbose lock tar:///usr/lib/node_modules/express-generator /home/ania/.npm/73f1f6cd-b-node-modules-express-generator.lock
48 silly lockFile 20cbb80f-ress-generator-3-0-0-package-tgz tar:///home/ania/.npm/express-generator/3.0.0/package.tgz
49 verbose lock tar:///home/ania/.npm/express-generator/3.0.0/package.tgz /home/ania/.npm/20cbb80f-ress-generator-3-0-0-package-tgz.lock
50 silly gunzTarPerm modes [ '755', '644' ]
51 error Error: EACCES, mkdir '/usr/lib/node_modules/express-generator'
51 error  { [Error: EACCES, mkdir '/usr/lib/node_modules/express-generator']
51 error   errno: 3,
51 error   code: 'EACCES',
51 error   path: '/usr/lib/node_modules/express-generator',
51 error   fstream_type: 'Directory',
51 error   fstream_path: '/usr/lib/node_modules/express-generator',
51 error   fstream_class: 'DirWriter',
51 error   fstream_stack:
51 error    [ '/usr/lib/node_modules/npm/node_modules/fstream/lib/dir-writer.js:36:23',
51 error      '/usr/lib/node_modules/npm/node_modules/mkdirp/index.js:37:53',
51 error      'Object.oncomplete (fs.js:107:15)' ] }
52 error Please try running this command again as root/Administrator.
53 error System Linux 3.2.0-51-generic
54 error command "/usr/bin/node" "/usr/bin/npm" "install" "-g" "express-generator@3"
55 error cwd /var/www/html/MasetrShop
56 error node -v v0.10.29
57 error npm -v 1.4.14
58 error path /usr/lib/node_modules/express-generator
59 error fstream_path /usr/lib/node_modules/express-generator
60 error fstream_type Directory
61 error fstream_class DirWriter
62 error code EACCES
63 error errno 3
64 error stack Error: EACCES, mkdir '/usr/lib/node_modules/express-generator'
65 error fstream_stack /usr/lib/node_modules/npm/node_modules/fstream/lib/dir-writer.js:36:23
65 error fstream_stack /usr/lib/node_modules/npm/node_modules/mkdirp/index.js:37:53
65 error fstream_stack Object.oncomplete (fs.js:107:15)
66 verbose exit [ 3, true ]
